2022-05-26 14:29:52,223 - PreProcessorLogger - INFO - 9 new columns added to the dataframe
2022-05-26 16:12:31,717 - PreProcessorLogger - INFO - Dropped 16 columns since they are not in the test data
2022-05-26 16:12:42,422 - PreProcessorLogger - INFO - 9 new columns added to the dataframe
2022-05-26 16:12:42,425 - PreProcessorLogger - INFO - Feature enginerring completed
2022-05-26 16:20:00,924 - PreProcessorLogger - INFO - Dropped 16 columns since they are not in the test data
2022-05-26 16:20:12,842 - PreProcessorLogger - INFO - 9 new columns added to the dataframe
2022-05-26 16:20:12,848 - PreProcessorLogger - INFO - Feature enginerring completed
2022-05-26 17:23:53,610 - PreProcessorLogger - INFO - Dropped 16 columns since they are not in the test data
2022-05-26 17:24:21,928 - PreProcessorLogger - INFO - 9 new columns added to the dataframe
2022-05-26 17:24:21,946 - PreProcessorLogger - INFO - Feature enginerring completed
2022-05-26 17:26:22,553 - PreProcessorLogger - INFO - Dropped 16 columns since they are not in the test data
2022-05-26 17:26:51,726 - PreProcessorLogger - INFO - 9 new columns added to the dataframe
2022-05-26 17:26:51,743 - PreProcessorLogger - INFO - Feature enginerring completed
2022-05-26 17:31:31,762 - PreProcessorLogger - INFO - Dropped 16 columns since they are not in the test data
2022-05-26 17:31:52,792 - PreProcessorLogger - INFO - 9 new columns added to the dataframe
2022-05-26 17:31:52,794 - PreProcessorLogger - INFO - Feature enginerring completed
2022-05-26 17:58:28,197 - PreProcessorLogger - INFO - Dropped 16 columns since they are not in the test data
2022-05-26 17:58:46,330 - PreProcessorLogger - INFO - 9 new columns added to the dataframe
2022-05-26 17:58:46,332 - PreProcessorLogger - INFO - Feature enginerring completed
2022-05-26 18:01:00,788 - PreProcessorLogger - INFO - Dropped 16 columns since they are not in the test data
2022-05-26 18:01:51,789 - PreProcessorLogger - INFO - Dropped 16 columns since they are not in the test data
2022-05-26 18:02:07,028 - PreProcessorLogger - INFO - 9 new columns added to the dataframe
2022-05-26 18:02:07,030 - PreProcessorLogger - INFO - Feature enginerring completed
2022-05-26 18:22:37,457 - PreProcessorLogger - INFO - Dropped 16 columns since they are not in the test data
2022-05-26 18:23:00,803 - PreProcessorLogger - INFO - 9 new columns added to the dataframe
2022-05-26 18:23:00,813 - PreProcessorLogger - INFO - Feature enginerring completed
2022-05-26 18:24:54,271 - PreProcessorLogger - INFO - Dropped 16 columns since they are not in the test data
2022-05-26 18:25:10,803 - PreProcessorLogger - INFO - 9 new columns added to the dataframe
2022-05-26 18:25:10,806 - PreProcessorLogger - INFO - Feature enginerring completed
2022-05-26 20:28:37,501 - PreProcessorLogger - INFO - Dropped 16 columns since they are not in the test data
2022-05-26 20:28:49,761 - PreProcessorLogger - INFO - 9 new columns added to the dataframe
2022-05-26 20:28:49,763 - PreProcessorLogger - INFO - Feature enginerring completed
2022-05-26 20:33:32,350 - PreProcessorLogger - INFO - Dropped 18 columns since they are not in the test data
2022-05-26 20:33:48,848 - PreProcessorLogger - INFO - 9 new columns added to the dataframe
2022-05-26 20:33:48,852 - PreProcessorLogger - INFO - Feature enginerring completed
2022-05-26 21:19:43,268 - PreProcessorLogger - INFO - Dropped 18 columns since they are not in the test data
2022-05-26 21:19:56,643 - PreProcessorLogger - INFO - 9 new columns added to the dataframe
2022-05-26 21:19:56,646 - PreProcessorLogger - INFO - Feature enginerring completed
2022-05-26 21:35:19,588 - PreProcessorLogger - INFO - Dropped 18 columns since they are not in the test data
2022-05-26 21:35:35,188 - PreProcessorLogger - INFO - 9 new columns added to the dataframe
2022-05-26 21:35:35,193 - PreProcessorLogger - INFO - Feature enginerring completed
2022-05-26 22:12:46,769 - PreProcessorLogger - INFO - Dropped 18 columns since they are not in the test data
2022-05-26 22:12:57,877 - PreProcessorLogger - INFO - 9 new columns added to the dataframe
2022-05-26 22:12:57,879 - PreProcessorLogger - INFO - Feature enginerring completed
2022-05-26 22:38:20,064 - PreProcessorLogger - INFO - Dropped 18 columns since they are not in the test data
2022-05-26 22:38:44,500 - PreProcessorLogger - INFO - 9 new columns added to the dataframe
2022-05-26 22:38:44,515 - PreProcessorLogger - INFO - Feature enginerring completed
2022-05-26 22:53:02,521 - PreProcessorLogger - INFO - Dropped 18 columns since they are not in the test data
2022-05-26 22:53:13,848 - PreProcessorLogger - INFO - 9 new columns added to the dataframe
2022-05-26 22:53:13,850 - PreProcessorLogger - INFO - Feature enginerring completed
2022-05-26 23:04:45,988 - PreProcessorLogger - INFO - Dropped 16 columns since they are not in the test data
2022-05-26 23:04:58,325 - PreProcessorLogger - INFO - 9 new columns added to the dataframe
2022-05-26 23:04:58,327 - PreProcessorLogger - INFO - Feature enginerring completed
2022-05-26 23:06:29,520 - PreProcessorLogger - INFO - Dropped 16 columns since they are not in the test data
2022-05-26 23:06:40,524 - PreProcessorLogger - INFO - 9 new columns added to the dataframe
2022-05-26 23:06:40,527 - PreProcessorLogger - INFO - Feature enginerring completed
2022-05-26 23:11:38,590 - PreProcessorLogger - INFO - Dropped 16 columns since they are not in the test data
2022-05-26 23:11:49,974 - PreProcessorLogger - INFO - 9 new columns added to the dataframe
2022-05-26 23:11:49,976 - PreProcessorLogger - INFO - Feature enginerring completed
2022-05-26 23:20:17,795 - PreProcessorLogger - INFO - Dropped 16 columns since they are not in the test data
2022-05-26 23:20:29,914 - PreProcessorLogger - INFO - 9 new columns added to the dataframe
2022-05-26 23:20:29,918 - PreProcessorLogger - INFO - Feature enginerring completed
2022-05-26 23:25:59,703 - PreProcessorLogger - INFO - Dropped 16 columns since they are not in the test data
2022-05-26 23:26:12,125 - PreProcessorLogger - INFO - 9 new columns added to the dataframe
2022-05-26 23:26:12,127 - PreProcessorLogger - INFO - Feature enginerring completed
2022-05-26 23:38:44,843 - PreProcessorLogger - INFO - Dropped 16 columns since they are not in the test data
2022-05-26 23:39:00,388 - PreProcessorLogger - INFO - 9 new columns added to the dataframe
2022-05-26 23:39:00,391 - PreProcessorLogger - INFO - Feature enginerring completed
2022-05-26 23:46:29,921 - PreProcessorLogger - INFO - Dropped 16 columns since they are not in the test data
2022-05-26 23:46:46,774 - PreProcessorLogger - INFO - 9 new columns added to the dataframe
2022-05-26 23:46:46,777 - PreProcessorLogger - INFO - Feature enginerring completed
2022-05-26 23:51:32,806 - PreProcessorLogger - INFO - Dropped 16 columns since they are not in the test data
2022-05-26 23:51:49,193 - PreProcessorLogger - INFO - 9 new columns added to the dataframe
2022-05-26 23:51:49,202 - PreProcessorLogger - INFO - Feature enginerring completed
2022-05-26 23:59:55,947 - PreProcessorLogger - INFO - Dropped 16 columns since they are not in the test data
2022-05-27 00:00:09,575 - PreProcessorLogger - INFO - 9 new columns added to the dataframe
2022-05-27 00:00:09,577 - PreProcessorLogger - INFO - Feature enginerring completed
2022-05-27 00:12:44,380 - PreProcessorLogger - INFO - Dropped 16 columns since they are not in the test data
2022-05-27 00:13:01,266 - PreProcessorLogger - INFO - 9 new columns added to the dataframe
2022-05-27 00:13:01,269 - PreProcessorLogger - INFO - Feature enginerring completed
2022-05-27 01:54:56,038 - PreProcessorLogger - INFO - Dropped 16 columns since they are not in the test data
2022-05-27 01:55:10,990 - PreProcessorLogger - INFO - 9 new columns added to the dataframe
2022-05-27 01:55:10,996 - PreProcessorLogger - INFO - Feature enginerring completed
2022-05-27 02:09:43,368 - PreProcessorLogger - INFO - Dropped 16 columns since they are not in the test data
2022-05-27 02:10:00,685 - PreProcessorLogger - INFO - 9 new columns added to the dataframe
2022-05-27 02:10:00,687 - PreProcessorLogger - INFO - Feature enginerring completed
2022-05-27 02:10:57,160 - PreProcessorLogger - INFO - Dropped 16 columns since they are not in the test data
2022-05-27 02:11:12,752 - PreProcessorLogger - INFO - 9 new columns added to the dataframe
2022-05-27 02:11:12,755 - PreProcessorLogger - INFO - Feature enginerring completed
2022-05-27 02:26:38,848 - PreProcessorLogger - INFO - Dropped 16 columns since they are not in the test data
2022-05-27 02:26:53,939 - PreProcessorLogger - INFO - 9 new columns added to the dataframe
2022-05-27 02:26:53,942 - PreProcessorLogger - INFO - Feature enginerring completed
2022-05-27 02:29:22,209 - PreProcessorLogger - INFO - Dropped 16 columns since they are not in the test data
2022-05-27 02:29:36,199 - PreProcessorLogger - INFO - 9 new columns added to the dataframe
2022-05-27 02:29:36,202 - PreProcessorLogger - INFO - Feature enginerring completed
2022-05-27 02:36:01,833 - PreProcessorLogger - INFO - Dropped 16 columns since they are not in the test data
2022-05-27 02:36:19,832 - PreProcessorLogger - INFO - 9 new columns added to the dataframe
2022-05-27 02:36:19,835 - PreProcessorLogger - INFO - Feature enginerring completed
2022-05-27 02:41:48,090 - PreProcessorLogger - INFO - Dropped 16 columns since they are not in the test data
2022-05-27 02:42:02,781 - PreProcessorLogger - INFO - 9 new columns added to the dataframe
2022-05-27 02:42:02,785 - PreProcessorLogger - INFO - Feature enginerring completed
2022-05-27 02:43:48,202 - PreProcessorLogger - INFO - Dropped 16 columns since they are not in the test data
2022-05-27 02:44:02,715 - PreProcessorLogger - INFO - 9 new columns added to the dataframe
2022-05-27 02:44:02,718 - PreProcessorLogger - INFO - Feature enginerring completed
2022-05-27 02:47:01,072 - PreProcessorLogger - INFO - Dropped 16 columns since they are not in the test data
2022-05-27 02:47:15,858 - PreProcessorLogger - INFO - 9 new columns added to the dataframe
2022-05-27 02:47:15,860 - PreProcessorLogger - INFO - Feature enginerring completed
2022-05-27 09:15:03,079 - PreProcessorLogger - INFO - Dropped 16 columns since they are not in the test data
2022-05-27 09:15:20,086 - PreProcessorLogger - INFO - 9 new columns added to the dataframe
2022-05-27 09:15:20,090 - PreProcessorLogger - INFO - Feature enginerring completed
2022-05-27 09:39:48,405 - PreProcessorLogger - INFO - Dropped 16 columns since they are not in the test data
2022-05-27 09:40:08,987 - PreProcessorLogger - INFO - 9 new columns added to the dataframe
2022-05-27 09:40:09,010 - PreProcessorLogger - INFO - Feature enginerring completed
2022-05-27 10:42:07,853 - PreProcessorLogger - INFO - Dropped 16 columns since they are not in the test data
2022-05-27 10:42:21,427 - PreProcessorLogger - INFO - 9 new columns added to the dataframe
2022-05-27 10:42:21,430 - PreProcessorLogger - INFO - Feature enginerring completed
2022-05-27 10:46:12,718 - PreProcessorLogger - INFO - Dropped 16 columns since they are not in the test data
2022-05-27 10:46:26,578 - PreProcessorLogger - INFO - 9 new columns added to the dataframe
2022-05-27 10:46:26,581 - PreProcessorLogger - INFO - Feature enginerring completed
2022-05-27 10:49:39,882 - PreProcessorLogger - INFO - Dropped 16 columns since they are not in the test data
2022-05-27 10:49:53,289 - PreProcessorLogger - INFO - 9 new columns added to the dataframe
2022-05-27 10:49:53,291 - PreProcessorLogger - INFO - Feature enginerring completed
2022-05-27 10:51:47,556 - PreProcessorLogger - INFO - Dropped 16 columns since they are not in the test data
2022-05-27 10:52:01,506 - PreProcessorLogger - INFO - 9 new columns added to the dataframe
2022-05-27 10:52:01,508 - PreProcessorLogger - INFO - Feature enginerring completed
2022-05-28 06:35:01,066 - PreProcessorLogger - INFO - 9 new columns added to the dataframe
2022-05-28 06:35:01,075 - PreProcessorLogger - INFO - Feature enginerring completed
2022-05-28 09:03:55,369 - FeatureEngineeringLogger - INFO - 9 new columns added to the dataframe
2022-05-28 09:03:55,372 - FeatureEngineeringLogger - INFO - Feature enginerring completed
2022-05-28 09:11:42,808 - FeatureEngineeringLogger - INFO - 9 new columns added to the dataframe
2022-05-28 09:11:42,814 - FeatureEngineeringLogger - INFO - Feature enginerring completed
2022-05-28 09:30:38,207 - FeatureEngineeringLogger - INFO - 9 new columns added to the dataframe
2022-05-28 09:30:38,212 - FeatureEngineeringLogger - INFO - Feature enginerring completed
2022-05-28 09:32:58,228 - FeatureEngineeringLogger - INFO - 9 new columns added to the dataframe
2022-05-28 09:32:58,230 - FeatureEngineeringLogger - INFO - Feature enginerring completed
2022-05-28 09:38:07,186 - FeatureEngineeringLogger - INFO - 9 new columns added to the dataframe
2022-05-28 09:38:07,190 - FeatureEngineeringLogger - INFO - Feature enginerring completed
2022-05-28 09:51:57,347 - FeatureEngineeringLogger - INFO - 9 new columns added to the dataframe
2022-05-28 09:51:57,349 - FeatureEngineeringLogger - INFO - Feature enginerring completed
2022-05-28 09:56:27,441 - FeatureEngineeringLogger - INFO - 9 new columns added to the dataframe
2022-05-28 09:56:27,445 - FeatureEngineeringLogger - INFO - Feature enginerring completed
2022-05-28 10:01:33,948 - FeatureEngineeringLogger - INFO - 9 new columns added to the dataframe
2022-05-28 10:01:33,953 - FeatureEngineeringLogger - INFO - Feature enginerring completed
2022-05-28 10:24:26,373 - FeatureEngineeringLogger - INFO - 9 new columns added to the dataframe
2022-05-28 10:24:26,376 - FeatureEngineeringLogger - INFO - Feature enginerring completed
2022-05-28 10:26:32,331 - FeatureEngineeringLogger - INFO - 9 new columns added to the dataframe
2022-05-28 10:26:32,334 - FeatureEngineeringLogger - INFO - Feature enginerring completed
2022-05-28 10:37:29,081 - FeatureEngineeringLogger - INFO - 9 new columns added to the dataframe
2022-05-28 10:37:29,086 - FeatureEngineeringLogger - INFO - Feature enginerring completed
2022-05-28 12:37:36,093 - FeatureEngineeringLogger - INFO - 9 new columns added to the dataframe
2022-05-28 12:37:36,097 - FeatureEngineeringLogger - INFO - Feature enginerring completed
2022-05-28 14:31:36,545 - FeatureEngineeringLogger - INFO - 9 new columns added to the dataframe
2022-05-28 14:31:36,547 - FeatureEngineeringLogger - INFO - Feature enginerring completed
